<?xml version="1.0" encoding="UTF-8"?>
<testsuite xmlns:xsi="http://www.w3.org/2001/XMLSchema-instance" xsi:noNamespaceSchemaLocation="https://maven.apache.org/surefire/maven-surefire-plugin/xsd/surefire-test-report.xsd" name="com.xsn.AppTest" time="0.052" tests="1" errors="0" skipped="0" failures="0">
  <properties>
    <property name="awt.toolkit" value="sun.lwawt.macosx.LWCToolkit"/>
    <property name="java.specification.version" value="12"/>
    <property name="sun.jnu.encoding" value="UTF-8"/>
    <property name="java.class.path" value="/Users/bjy/Desktop/demo/spring-boot-demo/miaosha1/target/test-classes:/Users/bjy/Desktop/demo/spring-boot-demo/miaosha1/target/classes:/Users/bjy/apache-maven-3.6.1/repo/junit/junit/4.11/junit-4.11.jar:/Users/bjy/apache-maven-3.6.1/repo/org/hamcrest/hamcrest-core/1.3/hamcrest-core-1.3.jar:/Users/bjy/apache-maven-3.6.1/repo/org/springframework/boot/spring-boot-starter-web/2.1.7.RELEASE/spring-boot-starter-web-2.1.7.RELEASE.jar:/Users/bjy/apache-maven-3.6.1/repo/org/springframework/boot/spring-boot-starter/2.1.7.RELEASE/spring-boot-starter-2.1.7.RELEASE.jar:/Users/bjy/apache-maven-3.6.1/repo/org/springframework/boot/spring-boot/2.1.7.RELEASE/spring-boot-2.1.7.RELEASE.jar:/Users/bjy/apache-maven-3.6.1/repo/org/springframework/boot/spring-boot-autoconfigure/2.1.7.RELEASE/spring-boot-autoconfigure-2.1.7.RELEASE.jar:/Users/bjy/apache-maven-3.6.1/repo/org/springframework/boot/spring-boot-starter-logging/2.1.7.RELEASE/spring-boot-starter-logging-2.1.7.RELEASE.jar:/Users/bjy/apache-maven-3.6.1/repo/ch/qos/logback/logback-classic/1.2.3/logback-classic-1.2.3.jar:/Users/bjy/apache-maven-3.6.1/repo/ch/qos/logback/logback-core/1.2.3/logback-core-1.2.3.jar:/Users/bjy/apache-maven-3.6.1/repo/org/apache/logging/log4j/log4j-to-slf4j/2.11.2/log4j-to-slf4j-2.11.2.jar:/Users/bjy/apache-maven-3.6.1/repo/org/apache/logging/log4j/log4j-api/2.11.2/log4j-api-2.11.2.jar:/Users/bjy/apache-maven-3.6.1/repo/org/slf4j/jul-to-slf4j/1.7.26/jul-to-slf4j-1.7.26.jar:/Users/bjy/apache-maven-3.6.1/repo/javax/annotation/javax.annotation-api/1.3.2/javax.annotation-api-1.3.2.jar:/Users/bjy/apache-maven-3.6.1/repo/org/springframework/spring-core/5.1.9.RELEASE/spring-core-5.1.9.RELEASE.jar:/Users/bjy/apache-maven-3.6.1/repo/org/springframework/spring-jcl/5.1.9.RELEASE/spring-jcl-5.1.9.RELEASE.jar:/Users/bjy/apache-maven-3.6.1/repo/org/yaml/snakeyaml/1.23/snakeyaml-1.23.jar:/Users/bjy/apache-maven-3.6.1/repo/org/springframework/boot/spring-boot-starter-json/2.1.7.RELEASE/spring-boot-starter-json-2.1.7.RELEASE.jar:/Users/bjy/apache-maven-3.6.1/repo/com/fasterxml/jackson/core/jackson-databind/2.9.9/jackson-databind-2.9.9.jar:/Users/bjy/apache-maven-3.6.1/repo/com/fasterxml/jackson/core/jackson-annotations/2.9.0/jackson-annotations-2.9.0.jar:/Users/bjy/apache-maven-3.6.1/repo/com/fasterxml/jackson/core/jackson-core/2.9.9/jackson-core-2.9.9.jar:/Users/bjy/apache-maven-3.6.1/repo/com/fasterxml/jackson/datatype/jackson-datatype-jdk8/2.9.9/jackson-datatype-jdk8-2.9.9.jar:/Users/bjy/apache-maven-3.6.1/repo/com/fasterxml/jackson/datatype/jackson-datatype-jsr310/2.9.9/jackson-datatype-jsr310-2.9.9.jar:/Users/bjy/apache-maven-3.6.1/repo/com/fasterxml/jackson/module/jackson-module-parameter-names/2.9.9/jackson-module-parameter-names-2.9.9.jar:/Users/bjy/apache-maven-3.6.1/repo/org/springframework/boot/spring-boot-starter-tomcat/2.1.7.RELEASE/spring-boot-starter-tomcat-2.1.7.RELEASE.jar:/Users/bjy/apache-maven-3.6.1/repo/org/apache/tomcat/embed/tomcat-embed-core/9.0.22/tomcat-embed-core-9.0.22.jar:/Users/bjy/apache-maven-3.6.1/repo/org/apache/tomcat/embed/tomcat-embed-el/9.0.22/tomcat-embed-el-9.0.22.jar:/Users/bjy/apache-maven-3.6.1/repo/org/apache/tomcat/embed/tomcat-embed-websocket/9.0.22/tomcat-embed-websocket-9.0.22.jar:/Users/bjy/apache-maven-3.6.1/repo/org/hibernate/validator/hibernate-validator/6.0.17.Final/hibernate-validator-6.0.17.Final.jar:/Users/bjy/apache-maven-3.6.1/repo/javax/validation/validation-api/2.0.1.Final/validation-api-2.0.1.Final.jar:/Users/bjy/apache-maven-3.6.1/repo/org/jboss/logging/jboss-logging/3.3.2.Final/jboss-logging-3.3.2.Final.jar:/Users/bjy/apache-maven-3.6.1/repo/com/fasterxml/classmate/1.4.0/classmate-1.4.0.jar:/Users/bjy/apache-maven-3.6.1/repo/org/springframework/spring-web/5.1.9.RELEASE/spring-web-5.1.9.RELEASE.jar:/Users/bjy/apache-maven-3.6.1/repo/org/springframework/spring-beans/5.1.9.RELEASE/spring-beans-5.1.9.RELEASE.jar:/Users/bjy/apache-maven-3.6.1/repo/org/springframework/spring-webmvc/5.1.9.RELEASE/spring-webmvc-5.1.9.RELEASE.jar:/Users/bjy/apache-maven-3.6.1/repo/org/springframework/spring-aop/5.1.9.RELEASE/spring-aop-5.1.9.RELEASE.jar:/Users/bjy/apache-maven-3.6.1/repo/org/springframework/spring-context/5.1.9.RELEASE/spring-context-5.1.9.RELEASE.jar:/Users/bjy/apache-maven-3.6.1/repo/org/springframework/spring-expression/5.1.9.RELEASE/spring-expression-5.1.9.RELEASE.jar:/Users/bjy/apache-maven-3.6.1/repo/mysql/mysql-connector-java/5.1.41/mysql-connector-java-5.1.41.jar:/Users/bjy/apache-maven-3.6.1/repo/com/alibaba/druid/1.1.3/druid-1.1.3.jar:/Users/bjy/apache-maven-3.6.1/repo/org/mybatis/spring/boot/mybatis-spring-boot-starter/1.3.1/mybatis-spring-boot-starter-1.3.1.jar:/Users/bjy/apache-maven-3.6.1/repo/org/springframework/boot/spring-boot-starter-jdbc/2.1.7.RELEASE/spring-boot-starter-jdbc-2.1.7.RELEASE.jar:/Users/bjy/apache-maven-3.6.1/repo/com/zaxxer/HikariCP/3.2.0/HikariCP-3.2.0.jar:/Users/bjy/apache-maven-3.6.1/repo/org/slf4j/slf4j-api/1.7.26/slf4j-api-1.7.26.jar:/Users/bjy/apache-maven-3.6.1/repo/org/springframework/spring-jdbc/5.1.9.RELEASE/spring-jdbc-5.1.9.RELEASE.jar:/Users/bjy/apache-maven-3.6.1/repo/org/springframework/spring-tx/5.1.9.RELEASE/spring-tx-5.1.9.RELEASE.jar:/Users/bjy/apache-maven-3.6.1/repo/org/mybatis/spring/boot/mybatis-spring-boot-autoconfigure/1.3.1/mybatis-spring-boot-autoconfigure-1.3.1.jar:/Users/bjy/apache-maven-3.6.1/repo/org/mybatis/mybatis/3.4.5/mybatis-3.4.5.jar:/Users/bjy/apache-maven-3.6.1/repo/org/mybatis/mybatis-spring/1.3.1/mybatis-spring-1.3.1.jar:/Users/bjy/apache-maven-3.6.1/repo/org/mybatis/generator/mybatis-generator-core/1.3.5/mybatis-generator-core-1.3.5.jar:"/>
    <property name="java.vm.vendor" value="Oracle Corporation"/>
    <property name="sun.arch.data.model" value="64"/>
    <property name="java.vendor.url" value="https://java.oracle.com/"/>
    <property name="os.name" value="Mac OS X"/>
    <property name="java.vm.specification.version" value="12"/>
    <property name="sun.java.launcher" value="SUN_STANDARD"/>
    <property name="user.country" value="CN"/>
    <property name="sun.boot.library.path" value="/Library/Java/JavaVirtualMachines/jdk-12.0.2.jdk/Contents/Home/lib"/>
    <property name="sun.java.command" value="/Users/bjy/Desktop/demo/spring-boot-demo/miaosha1/target/surefire/surefirebooter6341837350010461346.jar /Users/bjy/Desktop/demo/spring-boot-demo/miaosha1/target/surefire 2020-02-19T17-33-43_058-jvmRun1 surefire16533498389712728916tmp surefire_015236223194568681934tmp"/>
    <property name="http.nonProxyHosts" value="local|*.local|169.254/16|*.169.254/16"/>
    <property name="jdk.debug" value="release"/>
    <property name="surefire.test.class.path" value="/Users/bjy/Desktop/demo/spring-boot-demo/miaosha1/target/test-classes:/Users/bjy/Desktop/demo/spring-boot-demo/miaosha1/target/classes:/Users/bjy/apache-maven-3.6.1/repo/junit/junit/4.11/junit-4.11.jar:/Users/bjy/apache-maven-3.6.1/repo/org/hamcrest/hamcrest-core/1.3/hamcrest-core-1.3.jar:/Users/bjy/apache-maven-3.6.1/repo/org/springframework/boot/spring-boot-starter-web/2.1.7.RELEASE/spring-boot-starter-web-2.1.7.RELEASE.jar:/Users/bjy/apache-maven-3.6.1/repo/org/springframework/boot/spring-boot-starter/2.1.7.RELEASE/spring-boot-starter-2.1.7.RELEASE.jar:/Users/bjy/apache-maven-3.6.1/repo/org/springframework/boot/spring-boot/2.1.7.RELEASE/spring-boot-2.1.7.RELEASE.jar:/Users/bjy/apache-maven-3.6.1/repo/org/springframework/boot/spring-boot-autoconfigure/2.1.7.RELEASE/spring-boot-autoconfigure-2.1.7.RELEASE.jar:/Users/bjy/apache-maven-3.6.1/repo/org/springframework/boot/spring-boot-starter-logging/2.1.7.RELEASE/spring-boot-starter-logging-2.1.7.RELEASE.jar:/Users/bjy/apache-maven-3.6.1/repo/ch/qos/logback/logback-classic/1.2.3/logback-classic-1.2.3.jar:/Users/bjy/apache-maven-3.6.1/repo/ch/qos/logback/logback-core/1.2.3/logback-core-1.2.3.jar:/Users/bjy/apache-maven-3.6.1/repo/org/apache/logging/log4j/log4j-to-slf4j/2.11.2/log4j-to-slf4j-2.11.2.jar:/Users/bjy/apache-maven-3.6.1/repo/org/apache/logging/log4j/log4j-api/2.11.2/log4j-api-2.11.2.jar:/Users/bjy/apache-maven-3.6.1/repo/org/slf4j/jul-to-slf4j/1.7.26/jul-to-slf4j-1.7.26.jar:/Users/bjy/apache-maven-3.6.1/repo/javax/annotation/javax.annotation-api/1.3.2/javax.annotation-api-1.3.2.jar:/Users/bjy/apache-maven-3.6.1/repo/org/springframework/spring-core/5.1.9.RELEASE/spring-core-5.1.9.RELEASE.jar:/Users/bjy/apache-maven-3.6.1/repo/org/springframework/spring-jcl/5.1.9.RELEASE/spring-jcl-5.1.9.RELEASE.jar:/Users/bjy/apache-maven-3.6.1/repo/org/yaml/snakeyaml/1.23/snakeyaml-1.23.jar:/Users/bjy/apache-maven-3.6.1/repo/org/springframework/boot/spring-boot-starter-json/2.1.7.RELEASE/spring-boot-starter-json-2.1.7.RELEASE.jar:/Users/bjy/apache-maven-3.6.1/repo/com/fasterxml/jackson/core/jackson-databind/2.9.9/jackson-databind-2.9.9.jar:/Users/bjy/apache-maven-3.6.1/repo/com/fasterxml/jackson/core/jackson-annotations/2.9.0/jackson-annotations-2.9.0.jar:/Users/bjy/apache-maven-3.6.1/repo/com/fasterxml/jackson/core/jackson-core/2.9.9/jackson-core-2.9.9.jar:/Users/bjy/apache-maven-3.6.1/repo/com/fasterxml/jackson/datatype/jackson-datatype-jdk8/2.9.9/jackson-datatype-jdk8-2.9.9.jar:/Users/bjy/apache-maven-3.6.1/repo/com/fasterxml/jackson/datatype/jackson-datatype-jsr310/2.9.9/jackson-datatype-jsr310-2.9.9.jar:/Users/bjy/apache-maven-3.6.1/repo/com/fasterxml/jackson/module/jackson-module-parameter-names/2.9.9/jackson-module-parameter-names-2.9.9.jar:/Users/bjy/apache-maven-3.6.1/repo/org/springframework/boot/spring-boot-starter-tomcat/2.1.7.RELEASE/spring-boot-starter-tomcat-2.1.7.RELEASE.jar:/Users/bjy/apache-maven-3.6.1/repo/org/apache/tomcat/embed/tomcat-embed-core/9.0.22/tomcat-embed-core-9.0.22.jar:/Users/bjy/apache-maven-3.6.1/repo/org/apache/tomcat/embed/tomcat-embed-el/9.0.22/tomcat-embed-el-9.0.22.jar:/Users/bjy/apache-maven-3.6.1/repo/org/apache/tomcat/embed/tomcat-embed-websocket/9.0.22/tomcat-embed-websocket-9.0.22.jar:/Users/bjy/apache-maven-3.6.1/repo/org/hibernate/validator/hibernate-validator/6.0.17.Final/hibernate-validator-6.0.17.Final.jar:/Users/bjy/apache-maven-3.6.1/repo/javax/validation/validation-api/2.0.1.Final/validation-api-2.0.1.Final.jar:/Users/bjy/apache-maven-3.6.1/repo/org/jboss/logging/jboss-logging/3.3.2.Final/jboss-logging-3.3.2.Final.jar:/Users/bjy/apache-maven-3.6.1/repo/com/fasterxml/classmate/1.4.0/classmate-1.4.0.jar:/Users/bjy/apache-maven-3.6.1/repo/org/springframework/spring-web/5.1.9.RELEASE/spring-web-5.1.9.RELEASE.jar:/Users/bjy/apache-maven-3.6.1/repo/org/springframework/spring-beans/5.1.9.RELEASE/spring-beans-5.1.9.RELEASE.jar:/Users/bjy/apache-maven-3.6.1/repo/org/springframework/spring-webmvc/5.1.9.RELEASE/spring-webmvc-5.1.9.RELEASE.jar:/Users/bjy/apache-maven-3.6.1/repo/org/springframework/spring-aop/5.1.9.RELEASE/spring-aop-5.1.9.RELEASE.jar:/Users/bjy/apache-maven-3.6.1/repo/org/springframework/spring-context/5.1.9.RELEASE/spring-context-5.1.9.RELEASE.jar:/Users/bjy/apache-maven-3.6.1/repo/org/springframework/spring-expression/5.1.9.RELEASE/spring-expression-5.1.9.RELEASE.jar:/Users/bjy/apache-maven-3.6.1/repo/mysql/mysql-connector-java/5.1.41/mysql-connector-java-5.1.41.jar:/Users/bjy/apache-maven-3.6.1/repo/com/alibaba/druid/1.1.3/druid-1.1.3.jar:/Users/bjy/apache-maven-3.6.1/repo/org/mybatis/spring/boot/mybatis-spring-boot-starter/1.3.1/mybatis-spring-boot-starter-1.3.1.jar:/Users/bjy/apache-maven-3.6.1/repo/org/springframework/boot/spring-boot-starter-jdbc/2.1.7.RELEASE/spring-boot-starter-jdbc-2.1.7.RELEASE.jar:/Users/bjy/apache-maven-3.6.1/repo/com/zaxxer/HikariCP/3.2.0/HikariCP-3.2.0.jar:/Users/bjy/apache-maven-3.6.1/repo/org/slf4j/slf4j-api/1.7.26/slf4j-api-1.7.26.jar:/Users/bjy/apache-maven-3.6.1/repo/org/springframework/spring-jdbc/5.1.9.RELEASE/spring-jdbc-5.1.9.RELEASE.jar:/Users/bjy/apache-maven-3.6.1/repo/org/springframework/spring-tx/5.1.9.RELEASE/spring-tx-5.1.9.RELEASE.jar:/Users/bjy/apache-maven-3.6.1/repo/org/mybatis/spring/boot/mybatis-spring-boot-autoconfigure/1.3.1/mybatis-spring-boot-autoconfigure-1.3.1.jar:/Users/bjy/apache-maven-3.6.1/repo/org/mybatis/mybatis/3.4.5/mybatis-3.4.5.jar:/Users/bjy/apache-maven-3.6.1/repo/org/mybatis/mybatis-spring/1.3.1/mybatis-spring-1.3.1.jar:/Users/bjy/apache-maven-3.6.1/repo/org/mybatis/generator/mybatis-generator-core/1.3.5/mybatis-generator-core-1.3.5.jar:"/>
    <property name="sun.cpu.endian" value="little"/>
    <property name="user.home" value="/Users/bjy"/>
    <property name="user.language" value="zh"/>
    <property name="java.specification.vendor" value="Oracle Corporation"/>
    <property name="java.version.date" value="2019-07-16"/>
    <property name="java.home" value="/Library/Java/JavaVirtualMachines/jdk-12.0.2.jdk/Contents/Home"/>
    <property name="file.separator" value="/"/>
    <property name="basedir" value="/Users/bjy/Desktop/demo/spring-boot-demo/miaosha1"/>
    <property name="java.vm.compressedOopsMode" value="Zero based"/>
    <property name="line.separator" value="&#10;"/>
    <property name="java.vm.specification.vendor" value="Oracle Corporation"/>
    <property name="java.specification.name" value="Java Platform API Specification"/>
    <property name="java.awt.graphicsenv" value="sun.awt.CGraphicsEnvironment"/>
    <property name="surefire.real.class.path" value="/Users/bjy/Desktop/demo/spring-boot-demo/miaosha1/target/surefire/surefirebooter6341837350010461346.jar"/>
    <property name="user.script" value="Hans"/>
    <property name="sun.management.compiler" value="HotSpot 64-Bit Tiered Compilers"/>
    <property name="ftp.nonProxyHosts" value="local|*.local|169.254/16|*.169.254/16"/>
    <property name="java.runtime.version" value="12.0.2+10"/>
    <property name="user.name" value="bjy"/>
    <property name="path.separator" value=":"/>
    <property name="os.version" value="10.14"/>
    <property name="java.runtime.name" value="Java(TM) SE Runtime Environment"/>
    <property name="file.encoding" value="UTF-8"/>
    <property name="java.vm.name" value="Java HotSpot(TM) 64-Bit Server VM"/>
    <property name="localRepository" value="/Users/bjy/apache-maven-3.6.1/repo"/>
    <property name="java.vendor.url.bug" value="https://bugreport.java.com/bugreport/"/>
    <property name="java.io.tmpdir" value="/var/folders/kq/8c5_sgt56fv3mcytn1q7yczm0000gn/T/"/>
    <property name="java.version" value="12.0.2"/>
    <property name="user.dir" value="/Users/bjy/Desktop/demo/spring-boot-demo/miaosha1"/>
    <property name="os.arch" value="x86_64"/>
    <property name="java.vm.specification.name" value="Java Virtual Machine Specification"/>
    <property name="java.library.path" value="/Users/bjy/Library/Java/Extensions:/Library/Java/Extensions:/Network/Library/Java/Extensions:/System/Library/Java/Extensions:/usr/lib/java:."/>
    <property name="java.vm.info" value="mixed mode, sharing"/>
    <property name="java.vendor" value="Oracle Corporation"/>
    <property name="java.vm.version" value="12.0.2+10"/>
    <property name="sun.io.unicode.encoding" value="UnicodeBig"/>
    <property name="socksNonProxyHosts" value="local|*.local|169.254/16|*.169.254/16"/>
    <property name="java.class.version" value="56.0"/>
  </properties>
  <testcase name="shouldAnswerWithTrue" classname="com.xsn.AppTest" time="0.002"/>
</testsuite>